<?xml version="1.0" encoding="UTF-8"?>
<!-- Generated by org.testng.reporters.JUnitReportReporter -->
<testsuite skipped="0" hostname="MacBook-Pro.attlocal.net" name="org.rahulshettyacademy.eCommerce_tc_4_Hybrid" tests="2" failures="0" timestamp="07 Aug 2022 12:55:23 GMT" time="26.343" errors="0">
  <testcase name="FillForm" time="12.833" classname="org.rahulshettyacademy.eCommerce_tc_4_Hybrid"/>
  <testcase name="FillForm" time="13.510" classname="org.rahulshettyacademy.eCommerce_tc_4_Hybrid"/>
</testsuite> <!-- org.rahulshettyacademy.eCommerce_tc_4_Hybrid -->
